[2017-10-18 22:25:56.185] [INFO] responseLogger - 
*************** response log start ***************
request method: GET
request originalUrl:  /cgi/user/getUserInfo?id=1
request client ip:  ::1
request query:  {"id":"1"}
response time: 6
response status: 200
response body: 
{"statusCode":0,"statusDesc":"成功","timestamp":1508336756185,"data":{"id":1,"name":"yuming","age":27,"height":172}}
*************** response log end ***************

[2017-10-18 22:32:49.279] [INFO] responseLogger - 
*************** response log start ***************
request method: GET
request originalUrl:  /user/info?id=1
request client ip:  ::1
request query:  {"id":"1"}
response time: 2
response status: 200
response body: 
"<!DOCTYPE html><html><head><meta charset=\"utf-8\"></head><body><div>userinfo: 姓名：yuming&nbsp;|年龄：27&nbsp;|身高：172<br /></div></body></html>"
*************** response log end ***************

