[2017-10-18 23:44:28.131] [INFO] responseLogger - 
*************** response log start ***************
request method: GET
request originalUrl:  /cgi/user/getUserInfo?id=1
request client ip:  ::1
request query:  {"id":"1"}
response time: 15
response status: 200
response body: 
{"statusCode":0,"statusDesc":"成功","timestamp":1508341468129,"data":{"id":1,"name":"yuming","age":27,"height":172}}
*************** response log end ***************

[2017-10-18 23:44:49.504] [INFO] responseLogger - 
*************** response log start ***************
request method: GET
request originalUrl:  /cgi/user/getUserInfo?id=1
request client ip:  ::1
request query:  {"id":"1"}
response time: 2
response status: 200
response body: 
{"statusCode":0,"statusDesc":"成功","timestamp":1508341489504,"data":{"id":1,"name":"yuming","age":27,"height":172}}
*************** response log end ***************

